Using pre-set license
Built from '2020.3/staging' branch; Version is '2020.3.19f1 (68f137dc9bbe) revision 6877495'; Using compiler version '192528614'; Build Type 'Release'
OS: 'Windows 10 Enterprise N; OS build 19041.1288; Version 2004; 64bit' Language: 'es' Physical Memory: 16335 MB
BatchMode: 1, IsHumanControllingUs: 0, StartBugReporterOnCrash: 0, Is64bit: 1, IsPro: 0

COMMAND LINE ARGUMENTS:
C:\Program Files\Unity\Hub\Editor\2020.3.19f1\Editor\Unity.exe
-adb2
-batchMode
-noUpm
-name
AssetImportWorker0
-projectPath
D:/Documents/GitHub/Tower-Defense Modification/Tower Defense Unity Project
-logFile
Logs/AssetImportWorker0.log
-srvPort
65439
Successfully changed project path to: D:/Documents/GitHub/Tower-Defense Modification/Tower Defense Unity Project
D:/Documents/GitHub/Tower-Defense Modification/Tower Defense Unity Project
Using Asset Import Pipeline V2.
Cannot set VR devices because the platform passed isn't supported by Unity.
Cannot set VR devices because the platform passed isn't supported by Unity.
Cannot set VR devices because the platform passed isn't supported by Unity.
Cannot set VR devices because the platform passed isn't supported by Unity.
Cannot set VR devices because the platform passed isn't supported by Unity.
Cannot set VR devices because the platform passed isn't supported by Unity.
Cannot set VR devices because the platform passed isn't supported by Unity.
Cannot set VR devices because the platform passed isn't supported by Unity.
Cannot set VR devices because the platform passed isn't supported by Unity.
Cannot set VR devices because the platform passed isn't supported by Unity.
Cannot set VR devices because the platform passed isn't supported by Unity.
Refreshing native plugins compatible for Editor in 31.51 ms, found 2 plugins.
Preloading 0 native plugins for Editor in 0.00 ms.
Initialize engine version: 2020.3.19f1 (68f137dc9bbe)
[Subsystems] Discovering subsystems at path C:/Program Files/Unity/Hub/Editor/2020.3.19f1/Editor/Data/Resources/UnitySubsystems
[Subsystems] Discovering subsystems at path D:/Documents/GitHub/Tower-Defense Modification/Tower Defense Unity Project/Assets
GfxDevice: creating device client; threaded=0
Direct3D:
    Version:  Direct3D 11.0 [level 11.1]
    Renderer: NVIDIA GeForce GTX 1060 3GB (ID=0x1c02)
    Vendor:   
    VRAM:     2988 MB
    Driver:   30.0.14.7141
Initialize mono
Mono path[0] = 'C:/Program Files/Unity/Hub/Editor/2020.3.19f1/Editor/Data/Managed'
Mono path[1] = 'C:/Program Files/Unity/Hub/Editor/2020.3.19f1/Editor/Data/MonoBleedingEdge/lib/mono/unityjit'
Mono config path = 'C:/Program Files/Unity/Hub/Editor/2020.3.19f1/Editor/Data/MonoBleedingEdge/etc'
Using monoOptions --debugger-agent=transport=dt_socket,embedding=1,server=y,suspend=n,address=127.0.0.1:56896
Begin MonoManager ReloadAssembly
Registering precompiled unity dll's ...
Register platform support module: C:/Program Files/Unity/Hub/Editor/2020.3.19f1/Editor/Data/PlaybackEngines/WindowsStandaloneSupport/UnityEditor.WindowsStandalone.Extensions.dll
Registered in 0.002708 seconds.
Native extension for WindowsStandalone target not found
Refreshing native plugins compatible for Editor in 29.68 ms, found 2 plugins.
Preloading 0 native plugins for Editor in 0.00 ms.
Mono: successfully reloaded assembly
- Completed reload, in  1.940 seconds
Domain Reload Profiling:
	ReloadAssembly (1941ms)
		BeginReloadAssembly (63ms)
			ExecutionOrderSort (0ms)
			DisableScriptedObjects (0ms)
			BackupInstance (0ms)
			ReleaseScriptingObjects (0ms)
			CreateAndSetChildDomain (1ms)
		EndReloadAssembly (469ms)
			LoadAssemblies (61ms)
			RebuildTransferFunctionScriptingTraits (0ms)
			SetupTypeCache (194ms)
			ReleaseScriptCaches (0ms)
			RebuildScriptCaches (33ms)
			SetupLoadedEditorAssemblies (163ms)
				LogAssemblyErrors (0ms)
				InitializePlatformSupportModulesInManaged (4ms)
				SetLoadedEditorAssemblies (0ms)
				RefreshPlugins (30ms)
				BeforeProcessingInitializeOnLoad (17ms)
				ProcessInitializeOnLoadAttributes (81ms)
				ProcessInitializeOnLoadMethodAttributes (31ms)
				AfterProcessingInitializeOnLoad (0ms)
				EditorAssembliesLoaded (0ms)
			ExecutionOrderSort2 (0ms)
			AwakeInstancesAfterBackupRestoration (0ms)
Platform modules already initialized, skipping
Registering precompiled user dll's ...
Registered in 0.003465 seconds.
Begin MonoManager ReloadAssembly
Native extension for WindowsStandalone target not found
Refreshing native plugins compatible for Editor in 0.45 ms, found 2 plugins.
Preloading 0 native plugins for Editor in 0.00 ms.
Mono: successfully reloaded assembly
- Completed reload, in  1.161 seconds
Domain Reload Profiling:
	ReloadAssembly (1162ms)
		BeginReloadAssembly (212ms)
			ExecutionOrderSort (0ms)
			DisableScriptedObjects (5ms)
			BackupInstance (0ms)
			ReleaseScriptingObjects (0ms)
			CreateAndSetChildDomain (31ms)
		EndReloadAssembly (876ms)
			LoadAssemblies (136ms)
			RebuildTransferFunctionScriptingTraits (0ms)
			SetupTypeCache (312ms)
			ReleaseScriptCaches (0ms)
			RebuildScriptCaches (44ms)
			SetupLoadedEditorAssemblies (325ms)
				LogAssemblyErrors (0ms)
				InitializePlatformSupportModulesInManaged (5ms)
				SetLoadedEditorAssemblies (0ms)
				RefreshPlugins (0ms)
				BeforeProcessingInitializeOnLoad (84ms)
				ProcessInitializeOnLoadAttributes (221ms)
				ProcessInitializeOnLoadMethodAttributes (4ms)
				AfterProcessingInitializeOnLoad (9ms)
				EditorAssembliesLoaded (0ms)
			ExecutionOrderSort2 (0ms)
			AwakeInstancesAfterBackupRestoration (7ms)
Platform modules already initialized, skipping
========================================================================
Worker process is ready to serve import requests
Cannot set VR devices because the platform passed isn't supported by Unity.
Cannot set VR devices because the platform passed isn't supported by Unity.
Cannot set VR devices because the platform passed isn't supported by Unity.
Cannot set VR devices because the platform passed isn't supported by Unity.
Cannot set VR devices because the platform passed isn't supported by Unity.
Cannot set VR devices because the platform passed isn't supported by Unity.
Cannot set VR devices because the platform passed isn't supported by Unity.
Cannot set VR devices because the platform passed isn't supported by Unity.
Cannot set VR devices because the platform passed isn't supported by Unity.
Cannot set VR devices because the platform passed isn't supported by Unity.
Cannot set VR devices because the platform passed isn't supported by Unity.
Launched and connected shader compiler UnityShaderCompiler.exe after 0.09 seconds
Refreshing native plugins compatible for Editor in 0.34 ms, found 2 plugins.
Preloading 0 native plugins for Editor in 0.00 ms.
Unloading 1432 Unused Serialized files (Serialized files now loaded: 0)
System memory in use before: 66.5 MB.
System memory in use after: 66.6 MB.

Unloading 16 unused Assets to reduce memory usage. Loaded Objects now: 1870.
Total: 2.975400 ms (FindLiveObjects: 0.166600 ms CreateObjectMapping: 0.089000 ms MarkObjects: 2.619400 ms  DeleteObjects: 0.099400 ms)

AssetImportParameters requested are different than current active one (requested -> active):
  custom:framework-win-MediaFoundation: 216162199b28c13a410421893ffa2e32 -> 
  custom:video-decoder-ogg-theora: a1e56fd34408186e4bbccfd4996cb3dc -> 
  custom:container-muxer-webm: aa71ff27fc2769a1b78a27578f13a17b -> 
  custom:container-demuxer-webm: 4f35f7cbe854078d1ac9338744f61a02 -> 
  custom:container-demuxer-ogg: 62fdf1f143b41e24485cea50d1cbac27 -> 
  custom:video-encoder-webm-vp8: eb34c28f22e8b96e1ab97ce403110664 -> 
  custom:video-decoder-webm-vp8: 9c59270c3fd7afecdb556c50c9e8de78 -> 
  custom:audio-decoder-ogg-vorbis: bf7c407c2cedff20999df2af8eb42d56 -> 
  custom:audio-encoder-webm-vorbis: bf7c407c2cedff20999df2af8eb42d56 -> 
========================================================================
Received Import Request.
  path: Assets/Prefabs/Player/Player Buildings/Turrets/PlayerMissileLauncher.prefab
  artifactKey: Guid(28886474c13dfff4cb183350df126081) Importer(815301076,1909f56bfc062723c751e8b465ee728b)
Start importing Assets/Prefabs/Player/Player Buildings/Turrets/PlayerMissileLauncher.prefab using Guid(28886474c13dfff4cb183350df126081) Importer(815301076,1909f56bfc062723c751e8b465ee728b)  -> (artifact id: 'bfba3bfee05af1110cf1c3a919f8454b') in 0.172906 seconds 
  Import took 0.208417 seconds .

========================================================================
Received Import Request.
  Time since last request: 0.000531 seconds.
  path: Assets/Prefabs/Player/Player Buildings/Turrets/PlayerLaserBeamer.prefab
  artifactKey: Guid(c51804966ab0f8544b70b0e9dcae1623) Importer(815301076,1909f56bfc062723c751e8b465ee728b)
Start importing Assets/Prefabs/Player/Player Buildings/Turrets/PlayerLaserBeamer.prefab using Guid(c51804966ab0f8544b70b0e9dcae1623) Importer(815301076,1909f56bfc062723c751e8b465ee728b)  -> (artifact id: '112ed1fdcc764504a8a0df370a7f829f') in 0.044579 seconds 
  Import took 0.117841 seconds .

========================================================================
Received Prepare
Cannot set VR devices because the platform passed isn't supported by Unity.
Cannot set VR devices because the platform passed isn't supported by Unity.
Cannot set VR devices because the platform passed isn't supported by Unity.
Cannot set VR devices because the platform passed isn't supported by Unity.
Cannot set VR devices because the platform passed isn't supported by Unity.
Cannot set VR devices because the platform passed isn't supported by Unity.
Cannot set VR devices because the platform passed isn't supported by Unity.
Cannot set VR devices because the platform passed isn't supported by Unity.
Cannot set VR devices because the platform passed isn't supported by Unity.
Cannot set VR devices because the platform passed isn't supported by Unity.
Cannot set VR devices because the platform passed isn't supported by Unity.
Refreshing native plugins compatible for Editor in 3.42 ms, found 2 plugins.
Preloading 0 native plugins for Editor in 0.00 ms.
Unloading 9 Unused Serialized files (Serialized files now loaded: 0)
System memory in use before: 41.3 MB.
System memory in use after: 41.4 MB.

Unloading 10 unused Assets to reduce memory usage. Loaded Objects now: 1878.
Total: 3.286300 ms (FindLiveObjects: 0.173000 ms CreateObjectMapping: 0.087100 ms MarkObjects: 2.989400 ms  DeleteObjects: 0.035900 ms)

AssetImportParameters requested are different than current active one (requested -> active):
  custom:framework-win-MediaFoundation: 216162199b28c13a410421893ffa2e32 -> 
  custom:video-decoder-ogg-theora: a1e56fd34408186e4bbccfd4996cb3dc -> 
  custom:container-muxer-webm: aa71ff27fc2769a1b78a27578f13a17b -> 
  custom:container-demuxer-webm: 4f35f7cbe854078d1ac9338744f61a02 -> 
  custom:container-demuxer-ogg: 62fdf1f143b41e24485cea50d1cbac27 -> 
  custom:video-encoder-webm-vp8: eb34c28f22e8b96e1ab97ce403110664 -> 
  custom:video-decoder-webm-vp8: 9c59270c3fd7afecdb556c50c9e8de78 -> 
  custom:audio-decoder-ogg-vorbis: bf7c407c2cedff20999df2af8eb42d56 -> 
  custom:audio-encoder-webm-vorbis: bf7c407c2cedff20999df2af8eb42d56 -> 
========================================================================
Received Import Request.
  Time since last request: 26.784526 seconds.
  path: Assets/Prefabs/Player/Player Buildings/Turrets/PlayerMissileLauncher.prefab
  artifactKey: Guid(28886474c13dfff4cb183350df126081) Importer(815301076,1909f56bfc062723c751e8b465ee728b)
Start importing Assets/Prefabs/Player/Player Buildings/Turrets/PlayerMissileLauncher.prefab using Guid(28886474c13dfff4cb183350df126081) Importer(815301076,1909f56bfc062723c751e8b465ee728b)  -> (artifact id: 'a75491b9f4b60636a037dc82780fc571') in 0.016983 seconds 
  Import took 0.020066 seconds .

========================================================================
Received Prepare
Cannot set VR devices because the platform passed isn't supported by Unity.
Cannot set VR devices because the platform passed isn't supported by Unity.
Cannot set VR devices because the platform passed isn't supported by Unity.
Cannot set VR devices because the platform passed isn't supported by Unity.
Cannot set VR devices because the platform passed isn't supported by Unity.
Cannot set VR devices because the platform passed isn't supported by Unity.
Cannot set VR devices because the platform passed isn't supported by Unity.
Cannot set VR devices because the platform passed isn't supported by Unity.
Cannot set VR devices because the platform passed isn't supported by Unity.
Cannot set VR devices because the platform passed isn't supported by Unity.
Cannot set VR devices because the platform passed isn't supported by Unity.
Registering precompiled user dll's ...
Registered in 0.003879 seconds.
Begin MonoManager ReloadAssembly
Native extension for WindowsStandalone target not found
Refreshing native plugins compatible for Editor in 0.35 ms, found 2 plugins.
Preloading 0 native plugins for Editor in 0.00 ms.
Mono: successfully reloaded assembly
- Completed reload, in  1.088 seconds
Domain Reload Profiling:
	ReloadAssembly (1089ms)
		BeginReloadAssembly (125ms)
			ExecutionOrderSort (0ms)
			DisableScriptedObjects (4ms)
			BackupInstance (0ms)
			ReleaseScriptingObjects (0ms)
			CreateAndSetChildDomain (37ms)
		EndReloadAssembly (896ms)
			LoadAssemblies (105ms)
			RebuildTransferFunctionScriptingTraits (0ms)
			SetupTypeCache (323ms)
			ReleaseScriptCaches (1ms)
			RebuildScriptCaches (39ms)
			SetupLoadedEditorAssemblies (298ms)
				LogAssemblyErrors (0ms)
				InitializePlatformSupportModulesInManaged (5ms)
				SetLoadedEditorAssemblies (0ms)
				RefreshPlugins (0ms)
				BeforeProcessingInitializeOnLoad (76ms)
				ProcessInitializeOnLoadAttributes (202ms)
				ProcessInitializeOnLoadMethodAttributes (4ms)
				AfterProcessingInitializeOnLoad (9ms)
				EditorAssembliesLoaded (0ms)
			ExecutionOrderSort2 (0ms)
			AwakeInstancesAfterBackupRestoration (7ms)
Platform modules already initialized, skipping
Refreshing native plugins compatible for Editor in 0.41 ms, found 2 plugins.
Preloading 0 native plugins for Editor in 0.00 ms.
Unloading 1426 Unused Serialized files (Serialized files now loaded: 0)
System memory in use before: 69.4 MB.
System memory in use after: 69.5 MB.

Unloading 11 unused Assets to reduce memory usage. Loaded Objects now: 1880.
Total: 2.786000 ms (FindLiveObjects: 0.161000 ms CreateObjectMapping: 0.049100 ms MarkObjects: 2.545900 ms  DeleteObjects: 0.029000 ms)

AssetImportParameters requested are different than current active one (requested -> active):
  custom:framework-win-MediaFoundation: 216162199b28c13a410421893ffa2e32 -> 
  custom:video-decoder-ogg-theora: a1e56fd34408186e4bbccfd4996cb3dc -> 
  custom:container-muxer-webm: aa71ff27fc2769a1b78a27578f13a17b -> 
  custom:container-demuxer-webm: 4f35f7cbe854078d1ac9338744f61a02 -> 
  custom:container-demuxer-ogg: 62fdf1f143b41e24485cea50d1cbac27 -> 
  custom:video-encoder-webm-vp8: eb34c28f22e8b96e1ab97ce403110664 -> 
  custom:video-decoder-webm-vp8: 9c59270c3fd7afecdb556c50c9e8de78 -> 
  custom:audio-decoder-ogg-vorbis: bf7c407c2cedff20999df2af8eb42d56 -> 
  custom:audio-encoder-webm-vorbis: bf7c407c2cedff20999df2af8eb42d56 -> 
========================================================================
Received Import Request.
  Time since last request: 211.450194 seconds.
  path: Assets/Prefabs/Player/Player Buildings/Turrets/PlayerMissileLauncher.prefab
  artifactKey: Guid(28886474c13dfff4cb183350df126081) Importer(815301076,1909f56bfc062723c751e8b465ee728b)
Start importing Assets/Prefabs/Player/Player Buildings/Turrets/PlayerMissileLauncher.prefab using Guid(28886474c13dfff4cb183350df126081) Importer(815301076,1909f56bfc062723c751e8b465ee728b)  -> (artifact id: '286371512b9b440b9ef75af5cf6b31d9') in 0.059338 seconds 
  Import took 0.062305 seconds .

========================================================================
Received Import Request.
  Time since last request: 165.807399 seconds.
  path: Assets/Prefabs/Enemy/Enemy Buildings/EnemyFarm.prefab
  artifactKey: Guid(a2754c53b801b1d4a937b58e0c7265c0) Importer(815301076,1909f56bfc062723c751e8b465ee728b)
Start importing Assets/Prefabs/Enemy/Enemy Buildings/EnemyFarm.prefab using Guid(a2754c53b801b1d4a937b58e0c7265c0) Importer(815301076,1909f56bfc062723c751e8b465ee728b)  -> (artifact id: 'bd063a15cfe8ac1f22684d20adbc2fa2') in 0.016890 seconds 
  Import took 0.026540 seconds .

========================================================================
Received Import Request.
  Time since last request: 1.909092 seconds.
  path: Assets/Prefabs/Enemy/Enemy Buildings/EnemyFarm.prefab
  artifactKey: Guid(a2754c53b801b1d4a937b58e0c7265c0) Importer(815301076,1909f56bfc062723c751e8b465ee728b)
Start importing Assets/Prefabs/Enemy/Enemy Buildings/EnemyFarm.prefab using Guid(a2754c53b801b1d4a937b58e0c7265c0) Importer(815301076,1909f56bfc062723c751e8b465ee728b)  -> (artifact id: 'f95b041af5644cc7ae486e43548c6d4d') in 0.009244 seconds 
  Import took 0.026932 seconds .

========================================================================
Received Prepare
Cannot set VR devices because the platform passed isn't supported by Unity.
Cannot set VR devices because the platform passed isn't supported by Unity.
Cannot set VR devices because the platform passed isn't supported by Unity.
Cannot set VR devices because the platform passed isn't supported by Unity.
Cannot set VR devices because the platform passed isn't supported by Unity.
Cannot set VR devices because the platform passed isn't supported by Unity.
Cannot set VR devices because the platform passed isn't supported by Unity.
Cannot set VR devices because the platform passed isn't supported by Unity.
Cannot set VR devices because the platform passed isn't supported by Unity.
Cannot set VR devices because the platform passed isn't supported by Unity.
Cannot set VR devices because the platform passed isn't supported by Unity.
Registering precompiled user dll's ...
Registered in 0.003722 seconds.
Begin MonoManager ReloadAssembly
Native extension for WindowsStandalone target not found
Refreshing native plugins compatible for Editor in 0.35 ms, found 2 plugins.
Preloading 0 native plugins for Editor in 0.00 ms.
Mono: successfully reloaded assembly
- Completed reload, in  1.092 seconds
Domain Reload Profiling:
	ReloadAssembly (1092ms)
		BeginReloadAssembly (124ms)
			ExecutionOrderSort (0ms)
			DisableScriptedObjects (5ms)
			BackupInstance (0ms)
			ReleaseScriptingObjects (0ms)
			CreateAndSetChildDomain (39ms)
		EndReloadAssembly (887ms)
			LoadAssemblies (117ms)
			RebuildTransferFunctionScriptingTraits (0ms)
			SetupTypeCache (314ms)
			ReleaseScriptCaches (1ms)
			RebuildScriptCaches (39ms)
			SetupLoadedEditorAssemblies (316ms)
				LogAssemblyErrors (0ms)
				InitializePlatformSupportModulesInManaged (5ms)
				SetLoadedEditorAssemblies (0ms)
				RefreshPlugins (0ms)
				BeforeProcessingInitializeOnLoad (79ms)
				ProcessInitializeOnLoadAttributes (218ms)
				ProcessInitializeOnLoadMethodAttributes (4ms)
				AfterProcessingInitializeOnLoad (9ms)
				EditorAssembliesLoaded (0ms)
			ExecutionOrderSort2 (0ms)
			AwakeInstancesAfterBackupRestoration (7ms)
Platform modules already initialized, skipping
Refreshing native plugins compatible for Editor in 0.38 ms, found 2 plugins.
Preloading 0 native plugins for Editor in 0.00 ms.
Unloading 1426 Unused Serialized files (Serialized files now loaded: 0)
System memory in use before: 69.4 MB.
System memory in use after: 69.5 MB.

Unloading 11 unused Assets to reduce memory usage. Loaded Objects now: 1883.
Total: 3.530700 ms (FindLiveObjects: 0.170700 ms CreateObjectMapping: 0.124100 ms MarkObjects: 3.189900 ms  DeleteObjects: 0.045100 ms)

AssetImportParameters requested are different than current active one (requested -> active):
  custom:framework-win-MediaFoundation: 216162199b28c13a410421893ffa2e32 -> 
  custom:video-decoder-ogg-theora: a1e56fd34408186e4bbccfd4996cb3dc -> 
  custom:container-muxer-webm: aa71ff27fc2769a1b78a27578f13a17b -> 
  custom:container-demuxer-webm: 4f35f7cbe854078d1ac9338744f61a02 -> 
  custom:container-demuxer-ogg: 62fdf1f143b41e24485cea50d1cbac27 -> 
  custom:video-encoder-webm-vp8: eb34c28f22e8b96e1ab97ce403110664 -> 
  custom:video-decoder-webm-vp8: 9c59270c3fd7afecdb556c50c9e8de78 -> 
  custom:audio-decoder-ogg-vorbis: bf7c407c2cedff20999df2af8eb42d56 -> 
  custom:audio-encoder-webm-vorbis: bf7c407c2cedff20999df2af8eb42d56 -> 
========================================================================
Received Import Request.
  Time since last request: 114.905410 seconds.
  path: Assets/Prefabs/Player/Player Buildings/PlayerFarm.prefab
  artifactKey: Guid(2e905458937bdc5418618a39eb7f3add) Importer(815301076,1909f56bfc062723c751e8b465ee728b)
Start importing Assets/Prefabs/Player/Player Buildings/PlayerFarm.prefab using Guid(2e905458937bdc5418618a39eb7f3add) Importer(815301076,1909f56bfc062723c751e8b465ee728b)  -> (artifact id: '9e141395b1a8cb8d6574ab1eab57e3a0') in 0.058497 seconds 
  Import took 0.065912 seconds .

========================================================================
Received Import Request.
  Time since last request: 147.370243 seconds.
  path: Assets/Prefabs/Enemy/Enemy Buildings/Turrets/EnemyMissileLauncher.prefab
  artifactKey: Guid(a433ee941afa4604b9c3911ccdf75747) Importer(815301076,1909f56bfc062723c751e8b465ee728b)
Start importing Assets/Prefabs/Enemy/Enemy Buildings/Turrets/EnemyMissileLauncher.prefab using Guid(a433ee941afa4604b9c3911ccdf75747) Importer(815301076,1909f56bfc062723c751e8b465ee728b)  -> (artifact id: 'e5763b382ae8277cc907a47fc104027d') in 0.223469 seconds 
  Import took 0.243711 seconds .

========================================================================
Received Prepare
Cannot set VR devices because the platform passed isn't supported by Unity.
Cannot set VR devices because the platform passed isn't supported by Unity.
Cannot set VR devices because the platform passed isn't supported by Unity.
Cannot set VR devices because the platform passed isn't supported by Unity.
Cannot set VR devices because the platform passed isn't supported by Unity.
Cannot set VR devices because the platform passed isn't supported by Unity.
Cannot set VR devices because the platform passed isn't supported by Unity.
Cannot set VR devices because the platform passed isn't supported by Unity.
Cannot set VR devices because the platform passed isn't supported by Unity.
Cannot set VR devices because the platform passed isn't supported by Unity.
Cannot set VR devices because the platform passed isn't supported by Unity.
Registering precompiled user dll's ...
Registered in 0.003159 seconds.
Begin MonoManager ReloadAssembly
Native extension for WindowsStandalone target not found
Refreshing native plugins compatible for Editor in 0.38 ms, found 2 plugins.
Preloading 0 native plugins for Editor in 0.00 ms.
Mono: successfully reloaded assembly
- Completed reload, in  1.245 seconds
Domain Reload Profiling:
	ReloadAssembly (1245ms)
		BeginReloadAssembly (130ms)
			ExecutionOrderSort (0ms)
			DisableScriptedObjects (4ms)
			BackupInstance (0ms)
			ReleaseScriptingObjects (0ms)
			CreateAndSetChildDomain (43ms)
		EndReloadAssembly (1025ms)
			LoadAssemblies (117ms)
			RebuildTransferFunctionScriptingTraits (0ms)
			SetupTypeCache (341ms)
			ReleaseScriptCaches (1ms)
			RebuildScriptCaches (50ms)
			SetupLoadedEditorAssemblies (388ms)
				LogAssemblyErrors (0ms)
				InitializePlatformSupportModulesInManaged (6ms)
				SetLoadedEditorAssemblies (1ms)
				RefreshPlugins (0ms)
				BeforeProcessingInitializeOnLoad (91ms)
				ProcessInitializeOnLoadAttributes (273ms)
				ProcessInitializeOnLoadMethodAttributes (5ms)
				AfterProcessingInitializeOnLoad (11ms)
				EditorAssembliesLoaded (0ms)
			ExecutionOrderSort2 (0ms)
			AwakeInstancesAfterBackupRestoration (11ms)
Platform modules already initialized, skipping
Refreshing native plugins compatible for Editor in 0.39 ms, found 2 plugins.
Preloading 0 native plugins for Editor in 0.00 ms.
Unloading 1426 Unused Serialized files (Serialized files now loaded: 0)
System memory in use before: 69.4 MB.
System memory in use after: 69.5 MB.

Unloading 11 unused Assets to reduce memory usage. Loaded Objects now: 1886.
Total: 3.159300 ms (FindLiveObjects: 0.175400 ms CreateObjectMapping: 0.052000 ms MarkObjects: 2.905900 ms  DeleteObjects: 0.023000 ms)

AssetImportParameters requested are different than current active one (requested -> active):
  custom:framework-win-MediaFoundation: 216162199b28c13a410421893ffa2e32 -> 
  custom:video-decoder-ogg-theora: a1e56fd34408186e4bbccfd4996cb3dc -> 
  custom:container-muxer-webm: aa71ff27fc2769a1b78a27578f13a17b -> 
  custom:container-demuxer-webm: 4f35f7cbe854078d1ac9338744f61a02 -> 
  custom:container-demuxer-ogg: 62fdf1f143b41e24485cea50d1cbac27 -> 
  custom:video-encoder-webm-vp8: eb34c28f22e8b96e1ab97ce403110664 -> 
  custom:video-decoder-webm-vp8: 9c59270c3fd7afecdb556c50c9e8de78 -> 
  custom:audio-decoder-ogg-vorbis: bf7c407c2cedff20999df2af8eb42d56 -> 
  custom:audio-encoder-webm-vorbis: bf7c407c2cedff20999df2af8eb42d56 -> 
========================================================================
Received Prepare
Cannot set VR devices because the platform passed isn't supported by Unity.
Cannot set VR devices because the platform passed isn't supported by Unity.
Cannot set VR devices because the platform passed isn't supported by Unity.
Cannot set VR devices because the platform passed isn't supported by Unity.
Cannot set VR devices because the platform passed isn't supported by Unity.
Cannot set VR devices because the platform passed isn't supported by Unity.
Cannot set VR devices because the platform passed isn't supported by Unity.
Cannot set VR devices because the platform passed isn't supported by Unity.
Cannot set VR devices because the platform passed isn't supported by Unity.
Cannot set VR devices because the platform passed isn't supported by Unity.
Cannot set VR devices because the platform passed isn't supported by Unity.
Registering precompiled user dll's ...
Registered in 0.003530 seconds.
Begin MonoManager ReloadAssembly
Native extension for WindowsStandalone target not found
Refreshing native plugins compatible for Editor in 0.54 ms, found 2 plugins.
Preloading 0 native plugins for Editor in 0.00 ms.
Mono: successfully reloaded assembly
- Completed reload, in  1.265 seconds
Domain Reload Profiling:
	ReloadAssembly (1265ms)
		BeginReloadAssembly (138ms)
			ExecutionOrderSort (0ms)
			DisableScriptedObjects (6ms)
			BackupInstance (0ms)
			ReleaseScriptingObjects (0ms)
			CreateAndSetChildDomain (47ms)
		EndReloadAssembly (1040ms)
			LoadAssemblies (115ms)
			RebuildTransferFunctionScriptingTraits (0ms)
			SetupTypeCache (380ms)
			ReleaseScriptCaches (1ms)
			RebuildScriptCaches (48ms)
			SetupLoadedEditorAssemblies (373ms)
				LogAssemblyErrors (0ms)
				InitializePlatformSupportModulesInManaged (8ms)
				SetLoadedEditorAssemblies (1ms)
				RefreshPlugins (1ms)
				BeforeProcessingInitializeOnLoad (101ms)
				ProcessInitializeOnLoadAttributes (247ms)
				ProcessInitializeOnLoadMethodAttributes (5ms)
				AfterProcessingInitializeOnLoad (11ms)
				EditorAssembliesLoaded (0ms)
			ExecutionOrderSort2 (0ms)
			AwakeInstancesAfterBackupRestoration (7ms)
Platform modules already initialized, skipping
Refreshing native plugins compatible for Editor in 0.34 ms, found 2 plugins.
Preloading 0 native plugins for Editor in 0.00 ms.
Unloading 1426 Unused Serialized files (Serialized files now loaded: 0)
System memory in use before: 69.4 MB.
System memory in use after: 69.6 MB.

Unloading 11 unused Assets to reduce memory usage. Loaded Objects now: 1888.
Total: 4.075200 ms (FindLiveObjects: 0.230300 ms CreateObjectMapping: 0.142000 ms MarkObjects: 3.680500 ms  DeleteObjects: 0.020300 ms)

AssetImportParameters requested are different than current active one (requested -> active):
  custom:framework-win-MediaFoundation: 216162199b28c13a410421893ffa2e32 -> 
  custom:video-decoder-ogg-theora: a1e56fd34408186e4bbccfd4996cb3dc -> 
  custom:container-muxer-webm: aa71ff27fc2769a1b78a27578f13a17b -> 
  custom:container-demuxer-webm: 4f35f7cbe854078d1ac9338744f61a02 -> 
  custom:container-demuxer-ogg: 62fdf1f143b41e24485cea50d1cbac27 -> 
  custom:video-encoder-webm-vp8: eb34c28f22e8b96e1ab97ce403110664 -> 
  custom:video-decoder-webm-vp8: 9c59270c3fd7afecdb556c50c9e8de78 -> 
  custom:audio-decoder-ogg-vorbis: bf7c407c2cedff20999df2af8eb42d56 -> 
  custom:audio-encoder-webm-vorbis: bf7c407c2cedff20999df2af8eb42d56 -> 
========================================================================
Received Import Request.
  Time since last request: 254.790690 seconds.
  path: Assets/Prefabs/Player/Player Buildings/Barracks/PlayerBarracksRed.prefab
  artifactKey: Guid(74202f6de33006e42a0f67a5c90e8d92) Importer(815301076,1909f56bfc062723c751e8b465ee728b)
Start importing Assets/Prefabs/Player/Player Buildings/Barracks/PlayerBarracksRed.prefab using Guid(74202f6de33006e42a0f67a5c90e8d92) Importer(815301076,1909f56bfc062723c751e8b465ee728b)  -> (artifact id: '074153fe34c01f7e98e72e9cbc4d96ee') in 0.099708 seconds 
  Import took 0.116878 seconds .

========================================================================
Received Prepare
Cannot set VR devices because the platform passed isn't supported by Unity.
Cannot set VR devices because the platform passed isn't supported by Unity.
Cannot set VR devices because the platform passed isn't supported by Unity.
Cannot set VR devices because the platform passed isn't supported by Unity.
Cannot set VR devices because the platform passed isn't supported by Unity.
Cannot set VR devices because the platform passed isn't supported by Unity.
Cannot set VR devices because the platform passed isn't supported by Unity.
Cannot set VR devices because the platform passed isn't supported by Unity.
Cannot set VR devices because the platform passed isn't supported by Unity.
Cannot set VR devices because the platform passed isn't supported by Unity.
Cannot set VR devices because the platform passed isn't supported by Unity.
Registering precompiled user dll's ...
Registered in 0.003111 seconds.
Begin MonoManager ReloadAssembly
Native extension for WindowsStandalone target not found
Refreshing native plugins compatible for Editor in 0.40 ms, found 2 plugins.
Preloading 0 native plugins for Editor in 0.00 ms.
Mono: successfully reloaded assembly
- Completed reload, in  1.015 seconds
Domain Reload Profiling:
	ReloadAssembly (1016ms)
		BeginReloadAssembly (117ms)
			ExecutionOrderSort (0ms)
			DisableScriptedObjects (5ms)
			BackupInstance (0ms)
			ReleaseScriptingObjects (0ms)
			CreateAndSetChildDomain (36ms)
		EndReloadAssembly (832ms)
			LoadAssemblies (98ms)
			RebuildTransferFunctionScriptingTraits (0ms)
			SetupTypeCache (287ms)
			ReleaseScriptCaches (1ms)
			RebuildScriptCaches (42ms)
			SetupLoadedEditorAssemblies (302ms)
				LogAssemblyErrors (0ms)
				InitializePlatformSupportModulesInManaged (5ms)
				SetLoadedEditorAssemblies (0ms)
				RefreshPlugins (0ms)
				BeforeProcessingInitializeOnLoad (76ms)
				ProcessInitializeOnLoadAttributes (207ms)
				ProcessInitializeOnLoadMethodAttributes (4ms)
				AfterProcessingInitializeOnLoad (9ms)
				EditorAssembliesLoaded (0ms)
			ExecutionOrderSort2 (0ms)
			AwakeInstancesAfterBackupRestoration (7ms)
Platform modules already initialized, skipping
Refreshing native plugins compatible for Editor in 0.37 ms, found 2 plugins.
Preloading 0 native plugins for Editor in 0.00 ms.
Unloading 1426 Unused Serialized files (Serialized files now loaded: 0)
System memory in use before: 69.5 MB.
System memory in use after: 69.6 MB.

Unloading 11 unused Assets to reduce memory usage. Loaded Objects now: 1892.
Total: 3.052700 ms (FindLiveObjects: 0.163400 ms CreateObjectMapping: 0.083000 ms MarkObjects: 2.779200 ms  DeleteObjects: 0.026000 ms)

AssetImportParameters requested are different than current active one (requested -> active):
  custom:framework-win-MediaFoundation: 216162199b28c13a410421893ffa2e32 -> 
  custom:video-decoder-ogg-theora: a1e56fd34408186e4bbccfd4996cb3dc -> 
  custom:container-muxer-webm: aa71ff27fc2769a1b78a27578f13a17b -> 
  custom:container-demuxer-webm: 4f35f7cbe854078d1ac9338744f61a02 -> 
  custom:container-demuxer-ogg: 62fdf1f143b41e24485cea50d1cbac27 -> 
  custom:video-encoder-webm-vp8: eb34c28f22e8b96e1ab97ce403110664 -> 
  custom:video-decoder-webm-vp8: 9c59270c3fd7afecdb556c50c9e8de78 -> 
  custom:audio-decoder-ogg-vorbis: bf7c407c2cedff20999df2af8eb42d56 -> 
  custom:audio-encoder-webm-vorbis: bf7c407c2cedff20999df2af8eb42d56 -> 
========================================================================
Received Import Request.
  Time since last request: 517.484139 seconds.
  path: Assets/Prefabs/Player/Player Buildings/Barracks/PlayerBarracksBlue.prefab
  artifactKey: Guid(9ead1b8b28b4de944a7d57d1cd58643a) Importer(815301076,1909f56bfc062723c751e8b465ee728b)
Start importing Assets/Prefabs/Player/Player Buildings/Barracks/PlayerBarracksBlue.prefab using Guid(9ead1b8b28b4de944a7d57d1cd58643a) Importer(815301076,1909f56bfc062723c751e8b465ee728b)  -> (artifact id: '02efdf36f38d1f1ccdc67b0d6fa3dcfd') in 0.135940 seconds 
  Import took 0.164571 seconds .

========================================================================
Received Import Request.
  Time since last request: 4.610080 seconds.
  path: Assets/Prefabs/Player/Player Buildings/Barracks/PlayerBarracksBlue.prefab
  artifactKey: Guid(9ead1b8b28b4de944a7d57d1cd58643a) Importer(815301076,1909f56bfc062723c751e8b465ee728b)
Start importing Assets/Prefabs/Player/Player Buildings/Barracks/PlayerBarracksBlue.prefab using Guid(9ead1b8b28b4de944a7d57d1cd58643a) Importer(815301076,1909f56bfc062723c751e8b465ee728b)  -> (artifact id: '0160e2a2ad04abdfb64b631ce0f1fb56') in 0.011124 seconds 
  Import took 0.014553 seconds .

========================================================================
Received Import Request.
  Time since last request: 2.259022 seconds.
  path: Assets/Prefabs/Player/Player Buildings/Barracks/PlayerBarracksBlue.prefab
  artifactKey: Guid(9ead1b8b28b4de944a7d57d1cd58643a) Importer(815301076,1909f56bfc062723c751e8b465ee728b)
Start importing Assets/Prefabs/Player/Player Buildings/Barracks/PlayerBarracksBlue.prefab using Guid(9ead1b8b28b4de944a7d57d1cd58643a) Importer(815301076,1909f56bfc062723c751e8b465ee728b)  -> (artifact id: 'ce64964990526bcc04c0f8b963bb0f2f') in 0.013639 seconds 
  Import took 0.089929 seconds .

========================================================================
Received Import Request.
  Time since last request: 95.044983 seconds.
  path: Assets/Prefabs/Player/Player Buildings/Turrets/PlayerStandardTurret.prefab
  artifactKey: Guid(90391718f56113e439d5a3d45a883f2f) Importer(815301076,1909f56bfc062723c751e8b465ee728b)
Start importing Assets/Prefabs/Player/Player Buildings/Turrets/PlayerStandardTurret.prefab using Guid(90391718f56113e439d5a3d45a883f2f) Importer(815301076,1909f56bfc062723c751e8b465ee728b)  -> (artifact id: '59ae3d8c2d3fe0f65bec0c6242f1ab74') in 0.029633 seconds 
  Import took 0.048951 seconds .

========================================================================
Received Prepare
Cannot set VR devices because the platform passed isn't supported by Unity.
Cannot set VR devices because the platform passed isn't supported by Unity.
Cannot set VR devices because the platform passed isn't supported by Unity.
Cannot set VR devices because the platform passed isn't supported by Unity.
Cannot set VR devices because the platform passed isn't supported by Unity.
Cannot set VR devices because the platform passed isn't supported by Unity.
Cannot set VR devices because the platform passed isn't supported by Unity.
Cannot set VR devices because the platform passed isn't supported by Unity.
Cannot set VR devices because the platform passed isn't supported by Unity.
Cannot set VR devices because the platform passed isn't supported by Unity.
Cannot set VR devices because the platform passed isn't supported by Unity.
Registering precompiled user dll's ...
Registered in 0.004221 seconds.
Begin MonoManager ReloadAssembly
Native extension for WindowsStandalone target not found
Refreshing native plugins compatible for Editor in 0.36 ms, found 2 plugins.
Preloading 0 native plugins for Editor in 0.00 ms.
Mono: successfully reloaded assembly
- Completed reload, in  1.015 seconds
Domain Reload Profiling:
	ReloadAssembly (1015ms)
		BeginReloadAssembly (118ms)
			ExecutionOrderSort (0ms)
			DisableScriptedObjects (4ms)
			BackupInstance (0ms)
			ReleaseScriptingObjects (0ms)
			CreateAndSetChildDomain (37ms)
		EndReloadAssembly (826ms)
			LoadAssemblies (99ms)
			RebuildTransferFunctionScriptingTraits (0ms)
			SetupTypeCache (284ms)
			ReleaseScriptCaches (1ms)
			RebuildScriptCaches (40ms)
			SetupLoadedEditorAssemblies (306ms)
				LogAssemblyErrors (0ms)
				InitializePlatformSupportModulesInManaged (5ms)
				SetLoadedEditorAssemblies (0ms)
				RefreshPlugins (0ms)
				BeforeProcessingInitializeOnLoad (74ms)
				ProcessInitializeOnLoadAttributes (213ms)
				ProcessInitializeOnLoadMethodAttributes (4ms)
				AfterProcessingInitializeOnLoad (9ms)
				EditorAssembliesLoaded (0ms)
			ExecutionOrderSort2 (0ms)
			AwakeInstancesAfterBackupRestoration (7ms)
Platform modules already initialized, skipping
Refreshing native plugins compatible for Editor in 0.34 ms, found 2 plugins.
Preloading 0 native plugins for Editor in 0.00 ms.
Unloading 1426 Unused Serialized files (Serialized files now loaded: 0)
System memory in use before: 69.6 MB.
System memory in use after: 69.7 MB.

Unloading 11 unused Assets to reduce memory usage. Loaded Objects now: 1895.
Total: 3.656600 ms (FindLiveObjects: 0.192100 ms CreateObjectMapping: 0.049700 ms MarkObjects: 3.369700 ms  DeleteObjects: 0.043700 ms)

AssetImportParameters requested are different than current active one (requested -> active):
  custom:framework-win-MediaFoundation: 216162199b28c13a410421893ffa2e32 -> 
  custom:video-decoder-ogg-theora: a1e56fd34408186e4bbccfd4996cb3dc -> 
  custom:container-muxer-webm: aa71ff27fc2769a1b78a27578f13a17b -> 
  custom:container-demuxer-webm: 4f35f7cbe854078d1ac9338744f61a02 -> 
  custom:container-demuxer-ogg: 62fdf1f143b41e24485cea50d1cbac27 -> 
  custom:video-encoder-webm-vp8: eb34c28f22e8b96e1ab97ce403110664 -> 
  custom:video-decoder-webm-vp8: 9c59270c3fd7afecdb556c50c9e8de78 -> 
  custom:audio-decoder-ogg-vorbis: bf7c407c2cedff20999df2af8eb42d56 -> 
  custom:audio-encoder-webm-vorbis: bf7c407c2cedff20999df2af8eb42d56 -> 
========================================================================
Received Import Request.
  Time since last request: 15.178478 seconds.
  path: Assets/Prefabs/Enemy/Enemy Buildings/EnemyFarm.prefab
  artifactKey: Guid(a2754c53b801b1d4a937b58e0c7265c0) Importer(815301076,1909f56bfc062723c751e8b465ee728b)
Start importing Assets/Prefabs/Enemy/Enemy Buildings/EnemyFarm.prefab using Guid(a2754c53b801b1d4a937b58e0c7265c0) Importer(815301076,1909f56bfc062723c751e8b465ee728b)  -> (artifact id: '625938f75aa49843257fa227996a2400') in 0.054383 seconds 
  Import took 0.084801 seconds .

========================================================================
Received Import Request.
  Time since last request: 0.584513 seconds.
  path: Assets/Prefabs/Enemy/Enemy Buildings/EnemyFarm.prefab
  artifactKey: Guid(a2754c53b801b1d4a937b58e0c7265c0) Importer(815301076,1909f56bfc062723c751e8b465ee728b)
Start importing Assets/Prefabs/Enemy/Enemy Buildings/EnemyFarm.prefab using Guid(a2754c53b801b1d4a937b58e0c7265c0) Importer(815301076,1909f56bfc062723c751e8b465ee728b)  -> (artifact id: '1be66836b259a94860e96c556e0e23fb') in 0.009929 seconds 
  Import took 0.018366 seconds .

========================================================================
Received Prepare
Cannot set VR devices because the platform passed isn't supported by Unity.
Cannot set VR devices because the platform passed isn't supported by Unity.
Cannot set VR devices because the platform passed isn't supported by Unity.
Cannot set VR devices because the platform passed isn't supported by Unity.
Cannot set VR devices because the platform passed isn't supported by Unity.
Cannot set VR devices because the platform passed isn't supported by Unity.
Cannot set VR devices because the platform passed isn't supported by Unity.
Cannot set VR devices because the platform passed isn't supported by Unity.
Cannot set VR devices because the platform passed isn't supported by Unity.
Cannot set VR devices because the platform passed isn't supported by Unity.
Cannot set VR devices because the platform passed isn't supported by Unity.
Registering precompiled user dll's ...
Registered in 0.003561 seconds.
Begin MonoManager ReloadAssembly
Native extension for WindowsStandalone target not found
Refreshing native plugins compatible for Editor in 0.35 ms, found 2 plugins.
Preloading 0 native plugins for Editor in 0.00 ms.
Mono: successfully reloaded assembly
- Completed reload, in  1.078 seconds
Domain Reload Profiling:
	ReloadAssembly (1078ms)
		BeginReloadAssembly (124ms)
			ExecutionOrderSort (0ms)
			DisableScriptedObjects (5ms)
			BackupInstance (0ms)
			ReleaseScriptingObjects (0ms)
			CreateAndSetChildDomain (36ms)
		EndReloadAssembly (878ms)
			LoadAssemblies (109ms)
			RebuildTransferFunctionScriptingTraits (0ms)
			SetupTypeCache (312ms)
			ReleaseScriptCaches (1ms)
			RebuildScriptCaches (45ms)
			SetupLoadedEditorAssemblies (308ms)
				LogAssemblyErrors (0ms)
				InitializePlatformSupportModulesInManaged (6ms)
				SetLoadedEditorAssemblies (0ms)
				RefreshPlugins (0ms)
				BeforeProcessingInitializeOnLoad (80ms)
				ProcessInitializeOnLoadAttributes (208ms)
				ProcessInitializeOnLoadMethodAttributes (5ms)
				AfterProcessingInitializeOnLoad (9ms)
				EditorAssembliesLoaded (0ms)
			ExecutionOrderSort2 (0ms)
			AwakeInstancesAfterBackupRestoration (7ms)
Platform modules already initialized, skipping
Refreshing native plugins compatible for Editor in 0.35 ms, found 2 plugins.
Preloading 0 native plugins for Editor in 0.00 ms.
Unloading 1426 Unused Serialized files (Serialized files now loaded: 0)
System memory in use before: 69.6 MB.
System memory in use after: 69.7 MB.

Unloading 11 unused Assets to reduce memory usage. Loaded Objects now: 1898.
Total: 3.452200 ms (FindLiveObjects: 0.189000 ms CreateObjectMapping: 0.099300 ms MarkObjects: 3.135600 ms  DeleteObjects: 0.027100 ms)

AssetImportParameters requested are different than current active one (requested -> active):
  custom:framework-win-MediaFoundation: 216162199b28c13a410421893ffa2e32 -> 
  custom:video-decoder-ogg-theora: a1e56fd34408186e4bbccfd4996cb3dc -> 
  custom:container-muxer-webm: aa71ff27fc2769a1b78a27578f13a17b -> 
  custom:container-demuxer-webm: 4f35f7cbe854078d1ac9338744f61a02 -> 
  custom:container-demuxer-ogg: 62fdf1f143b41e24485cea50d1cbac27 -> 
  custom:video-encoder-webm-vp8: eb34c28f22e8b96e1ab97ce403110664 -> 
  custom:video-decoder-webm-vp8: 9c59270c3fd7afecdb556c50c9e8de78 -> 
  custom:audio-decoder-ogg-vorbis: bf7c407c2cedff20999df2af8eb42d56 -> 
  custom:audio-encoder-webm-vorbis: bf7c407c2cedff20999df2af8eb42d56 -> 
========================================================================
Received Import Request.
  Time since last request: 330.444535 seconds.
  path: Assets/Prefabs/Player/Player Buildings/PlayerFarm.prefab
  artifactKey: Guid(2e905458937bdc5418618a39eb7f3add) Importer(815301076,1909f56bfc062723c751e8b465ee728b)
Start importing Assets/Prefabs/Player/Player Buildings/PlayerFarm.prefab using Guid(2e905458937bdc5418618a39eb7f3add) Importer(815301076,1909f56bfc062723c751e8b465ee728b)  -> (artifact id: '952aad393d02100023db50572966a9db') in 0.062549 seconds 
  Import took 0.269060 seconds .

========================================================================
Received Prepare
Cannot set VR devices because the platform passed isn't supported by Unity.
Cannot set VR devices because the platform passed isn't supported by Unity.
Cannot set VR devices because the platform passed isn't supported by Unity.
Cannot set VR devices because the platform passed isn't supported by Unity.
Cannot set VR devices because the platform passed isn't supported by Unity.
Cannot set VR devices because the platform passed isn't supported by Unity.
Cannot set VR devices because the platform passed isn't supported by Unity.
Cannot set VR devices because the platform passed isn't supported by Unity.
Cannot set VR devices because the platform passed isn't supported by Unity.
Cannot set VR devices because the platform passed isn't supported by Unity.
Cannot set VR devices because the platform passed isn't supported by Unity.
Registering precompiled user dll's ...
Registered in 0.003278 seconds.
Begin MonoManager ReloadAssembly
Native extension for WindowsStandalone target not found
Refreshing native plugins compatible for Editor in 0.52 ms, found 2 plugins.
Preloading 0 native plugins for Editor in 0.00 ms.
Mono: successfully reloaded assembly
- Completed reload, in  1.034 seconds
Domain Reload Profiling:
	ReloadAssembly (1035ms)
		BeginReloadAssembly (120ms)
			ExecutionOrderSort (0ms)
			DisableScriptedObjects (4ms)
			BackupInstance (0ms)
			ReleaseScriptingObjects (0ms)
			CreateAndSetChildDomain (40ms)
		EndReloadAssembly (842ms)
			LoadAssemblies (106ms)
			RebuildTransferFunctionScriptingTraits (0ms)
			SetupTypeCache (293ms)
			ReleaseScriptCaches (1ms)
			RebuildScriptCaches (42ms)
			SetupLoadedEditorAssemblies (301ms)
				LogAssemblyErrors (0ms)
				InitializePlatformSupportModulesInManaged (5ms)
				SetLoadedEditorAssemblies (1ms)
				RefreshPlugins (1ms)
				BeforeProcessingInitializeOnLoad (76ms)
				ProcessInitializeOnLoadAttributes (204ms)
				ProcessInitializeOnLoadMethodAttributes (4ms)
				AfterProcessingInitializeOnLoad (10ms)
				EditorAssembliesLoaded (0ms)
			ExecutionOrderSort2 (0ms)
			AwakeInstancesAfterBackupRestoration (7ms)
Platform modules already initialized, skipping
Refreshing native plugins compatible for Editor in 0.39 ms, found 2 plugins.
Preloading 0 native plugins for Editor in 0.00 ms.
Unloading 1426 Unused Serialized files (Serialized files now loaded: 0)
System memory in use before: 69.6 MB.
System memory in use after: 69.7 MB.

Unloading 11 unused Assets to reduce memory usage. Loaded Objects now: 1901.
Total: 3.520800 ms (FindLiveObjects: 0.172600 ms CreateObjectMapping: 0.082800 ms MarkObjects: 3.238800 ms  DeleteObjects: 0.025800 ms)

AssetImportParameters requested are different than current active one (requested -> active):
  custom:framework-win-MediaFoundation: 216162199b28c13a410421893ffa2e32 -> 
  custom:video-decoder-ogg-theora: a1e56fd34408186e4bbccfd4996cb3dc -> 
  custom:container-muxer-webm: aa71ff27fc2769a1b78a27578f13a17b -> 
  custom:container-demuxer-webm: 4f35f7cbe854078d1ac9338744f61a02 -> 
  custom:container-demuxer-ogg: 62fdf1f143b41e24485cea50d1cbac27 -> 
  custom:video-encoder-webm-vp8: eb34c28f22e8b96e1ab97ce403110664 -> 
  custom:video-decoder-webm-vp8: 9c59270c3fd7afecdb556c50c9e8de78 -> 
  custom:audio-decoder-ogg-vorbis: bf7c407c2cedff20999df2af8eb42d56 -> 
  custom:audio-encoder-webm-vorbis: bf7c407c2cedff20999df2af8eb42d56 -> 
========================================================================
Received Import Request.
  Time since last request: 8.827271 seconds.
  path: Assets/Prefabs/Enemy/Enemy Buildings/EnemyFarm.prefab
  artifactKey: Guid(a2754c53b801b1d4a937b58e0c7265c0) Importer(815301076,1909f56bfc062723c751e8b465ee728b)
Start importing Assets/Prefabs/Enemy/Enemy Buildings/EnemyFarm.prefab using Guid(a2754c53b801b1d4a937b58e0c7265c0) Importer(815301076,1909f56bfc062723c751e8b465ee728b)  -> (artifact id: '5b169da4ae384858ecea88c05f566f5f') in 0.053889 seconds 
  Import took 0.062208 seconds .

========================================================================
Received Import Request.
  Time since last request: 214.040926 seconds.
  path: Assets/Prefabs/Enemy/Enemy Buildings/Turrets/EnemyLaserBeamer.prefab
  artifactKey: Guid(e6a4d5893eba14f4c91d9a271a57ab0d) Importer(815301076,1909f56bfc062723c751e8b465ee728b)
Start importing Assets/Prefabs/Enemy/Enemy Buildings/Turrets/EnemyLaserBeamer.prefab using Guid(e6a4d5893eba14f4c91d9a271a57ab0d) Importer(815301076,1909f56bfc062723c751e8b465ee728b)  -> (artifact id: '7befd7b28ccf5ef2eb139160e1b79276') in 0.024795 seconds 
  Import took 0.043639 seconds .

========================================================================
Received Prepare
Cannot set VR devices because the platform passed isn't supported by Unity.
Cannot set VR devices because the platform passed isn't supported by Unity.
Cannot set VR devices because the platform passed isn't supported by Unity.
Cannot set VR devices because the platform passed isn't supported by Unity.
Cannot set VR devices because the platform passed isn't supported by Unity.
Cannot set VR devices because the platform passed isn't supported by Unity.
Cannot set VR devices because the platform passed isn't supported by Unity.
Cannot set VR devices because the platform passed isn't supported by Unity.
Cannot set VR devices because the platform passed isn't supported by Unity.
Cannot set VR devices because the platform passed isn't supported by Unity.
Cannot set VR devices because the platform passed isn't supported by Unity.
Registering precompiled user dll's ...
Registered in 0.005033 seconds.
Begin MonoManager ReloadAssembly
Native extension for WindowsStandalone target not found
Refreshing native plugins compatible for Editor in 0.53 ms, found 2 plugins.
Preloading 0 native plugins for Editor in 0.00 ms.
Mono: successfully reloaded assembly
- Completed reload, in  1.434 seconds
Domain Reload Profiling:
	ReloadAssembly (1434ms)
		BeginReloadAssembly (198ms)
			ExecutionOrderSort (0ms)
			DisableScriptedObjects (11ms)
			BackupInstance (0ms)
			ReleaseScriptingObjects (0ms)
			CreateAndSetChildDomain (60ms)
		EndReloadAssembly (1096ms)
			LoadAssemblies (183ms)
			RebuildTransferFunctionScriptingTraits (0ms)
			SetupTypeCache (419ms)
			ReleaseScriptCaches (1ms)
			RebuildScriptCaches (51ms)
			SetupLoadedEditorAssemblies (357ms)
				LogAssemblyErrors (0ms)
				InitializePlatformSupportModulesInManaged (6ms)
				SetLoadedEditorAssemblies (1ms)
				RefreshPlugins (1ms)
				BeforeProcessingInitializeOnLoad (93ms)
				ProcessInitializeOnLoadAttributes (241ms)
				ProcessInitializeOnLoadMethodAttributes (5ms)
				AfterProcessingInitializeOnLoad (10ms)
				EditorAssembliesLoaded (0ms)
			ExecutionOrderSort2 (0ms)
			AwakeInstancesAfterBackupRestoration (8ms)
Platform modules already initialized, skipping
Refreshing native plugins compatible for Editor in 0.36 ms, found 2 plugins.
Preloading 0 native plugins for Editor in 0.00 ms.
Unloading 1426 Unused Serialized files (Serialized files now loaded: 0)
System memory in use before: 69.7 MB.
System memory in use after: 69.8 MB.

Unloading 12 unused Assets to reduce memory usage. Loaded Objects now: 1904.
Total: 3.199400 ms (FindLiveObjects: 0.155400 ms CreateObjectMapping: 0.048700 ms MarkObjects: 2.958800 ms  DeleteObjects: 0.035400 ms)

AssetImportParameters requested are different than current active one (requested -> active):
  custom:framework-win-MediaFoundation: 216162199b28c13a410421893ffa2e32 -> 
  custom:video-decoder-ogg-theora: a1e56fd34408186e4bbccfd4996cb3dc -> 
  custom:container-muxer-webm: aa71ff27fc2769a1b78a27578f13a17b -> 
  custom:container-demuxer-webm: 4f35f7cbe854078d1ac9338744f61a02 -> 
  custom:container-demuxer-ogg: 62fdf1f143b41e24485cea50d1cbac27 -> 
  custom:video-encoder-webm-vp8: eb34c28f22e8b96e1ab97ce403110664 -> 
  custom:video-decoder-webm-vp8: 9c59270c3fd7afecdb556c50c9e8de78 -> 
  custom:audio-decoder-ogg-vorbis: bf7c407c2cedff20999df2af8eb42d56 -> 
  custom:audio-encoder-webm-vorbis: bf7c407c2cedff20999df2af8eb42d56 -> 
========================================================================
Received Prepare
Cannot set VR devices because the platform passed isn't supported by Unity.
Cannot set VR devices because the platform passed isn't supported by Unity.
Cannot set VR devices because the platform passed isn't supported by Unity.
Cannot set VR devices because the platform passed isn't supported by Unity.
Cannot set VR devices because the platform passed isn't supported by Unity.
Cannot set VR devices because the platform passed isn't supported by Unity.
Cannot set VR devices because the platform passed isn't supported by Unity.
Cannot set VR devices because the platform passed isn't supported by Unity.
Cannot set VR devices because the platform passed isn't supported by Unity.
Cannot set VR devices because the platform passed isn't supported by Unity.
Cannot set VR devices because the platform passed isn't supported by Unity.
Registering precompiled user dll's ...
Registered in 0.003758 seconds.
Begin MonoManager ReloadAssembly
Native extension for WindowsStandalone target not found
Refreshing native plugins compatible for Editor in 0.33 ms, found 2 plugins.
Preloading 0 native plugins for Editor in 0.00 ms.
Mono: successfully reloaded assembly
- Completed reload, in  1.036 seconds
Domain Reload Profiling:
	ReloadAssembly (1036ms)
		BeginReloadAssembly (113ms)
			ExecutionOrderSort (0ms)
			DisableScriptedObjects (5ms)
			BackupInstance (0ms)
			ReleaseScriptingObjects (0ms)
			CreateAndSetChildDomain (32ms)
		EndReloadAssembly (851ms)
			LoadAssemblies (97ms)
			RebuildTransferFunctionScriptingTraits (0ms)
			SetupTypeCache (305ms)
			ReleaseScriptCaches (1ms)
			RebuildScriptCaches (40ms)
			SetupLoadedEditorAssemblies (296ms)
				LogAssemblyErrors (0ms)
				InitializePlatformSupportModulesInManaged (5ms)
				SetLoadedEditorAssemblies (0ms)
				RefreshPlugins (0ms)
				BeforeProcessingInitializeOnLoad (77ms)
				ProcessInitializeOnLoadAttributes (199ms)
				ProcessInitializeOnLoadMethodAttributes (4ms)
				AfterProcessingInitializeOnLoad (9ms)
				EditorAssembliesLoaded (0ms)
			ExecutionOrderSort2 (0ms)
			AwakeInstancesAfterBackupRestoration (7ms)
Platform modules already initialized, skipping
Refreshing native plugins compatible for Editor in 0.39 ms, found 2 plugins.
Preloading 0 native plugins for Editor in 0.00 ms.
Unloading 1426 Unused Serialized files (Serialized files now loaded: 0)
System memory in use before: 69.7 MB.
System memory in use after: 69.8 MB.

Unloading 11 unused Assets to reduce memory usage. Loaded Objects now: 1906.
Total: 3.491300 ms (FindLiveObjects: 0.182500 ms CreateObjectMapping: 0.139600 ms MarkObjects: 3.121400 ms  DeleteObjects: 0.046800 ms)

AssetImportParameters requested are different than current active one (requested -> active):
  custom:framework-win-MediaFoundation: 216162199b28c13a410421893ffa2e32 -> 
  custom:video-decoder-ogg-theora: a1e56fd34408186e4bbccfd4996cb3dc -> 
  custom:container-muxer-webm: aa71ff27fc2769a1b78a27578f13a17b -> 
  custom:container-demuxer-webm: 4f35f7cbe854078d1ac9338744f61a02 -> 
  custom:container-demuxer-ogg: 62fdf1f143b41e24485cea50d1cbac27 -> 
  custom:video-encoder-webm-vp8: eb34c28f22e8b96e1ab97ce403110664 -> 
  custom:video-decoder-webm-vp8: 9c59270c3fd7afecdb556c50c9e8de78 -> 
  custom:audio-decoder-ogg-vorbis: bf7c407c2cedff20999df2af8eb42d56 -> 
  custom:audio-encoder-webm-vorbis: bf7c407c2cedff20999df2af8eb42d56 -> 
========================================================================
Received Prepare
Cannot set VR devices because the platform passed isn't supported by Unity.
Cannot set VR devices because the platform passed isn't supported by Unity.
Cannot set VR devices because the platform passed isn't supported by Unity.
Cannot set VR devices because the platform passed isn't supported by Unity.
Cannot set VR devices because the platform passed isn't supported by Unity.
Cannot set VR devices because the platform passed isn't supported by Unity.
Cannot set VR devices because the platform passed isn't supported by Unity.
Cannot set VR devices because the platform passed isn't supported by Unity.
Cannot set VR devices because the platform passed isn't supported by Unity.
Cannot set VR devices because the platform passed isn't supported by Unity.
Cannot set VR devices because the platform passed isn't supported by Unity.
Registering precompiled user dll's ...
Registered in 0.003328 seconds.
Begin MonoManager ReloadAssembly
Native extension for WindowsStandalone target not found
Refreshing native plugins compatible for Editor in 0.35 ms, found 2 plugins.
Preloading 0 native plugins for Editor in 0.00 ms.
Mono: successfully reloaded assembly
- Completed reload, in  1.261 seconds
Domain Reload Profiling:
	ReloadAssembly (1262ms)
		BeginReloadAssembly (133ms)
			ExecutionOrderSort (0ms)
			DisableScriptedObjects (6ms)
			BackupInstance (0ms)
			ReleaseScriptingObjects (0ms)
			CreateAndSetChildDomain (39ms)
		EndReloadAssembly (1035ms)
			LoadAssemblies (117ms)
			RebuildTransferFunctionScriptingTraits (0ms)
			SetupTypeCache (383ms)
			ReleaseScriptCaches (1ms)
			RebuildScriptCaches (46ms)
			SetupLoadedEditorAssemblies (362ms)
				LogAssemblyErrors (0ms)
				InitializePlatformSupportModulesInManaged (8ms)
				SetLoadedEditorAssemblies (1ms)
				RefreshPlugins (0ms)
				BeforeProcessingInitializeOnLoad (100ms)
				ProcessInitializeOnLoadAttributes (238ms)
				ProcessInitializeOnLoadMethodAttributes (6ms)
				AfterProcessingInitializeOnLoad (9ms)
				EditorAssembliesLoaded (0ms)
			ExecutionOrderSort2 (0ms)
			AwakeInstancesAfterBackupRestoration (8ms)
Platform modules already initialized, skipping
Refreshing native plugins compatible for Editor in 0.38 ms, found 2 plugins.
Preloading 0 native plugins for Editor in 0.00 ms.
Unloading 1426 Unused Serialized files (Serialized files now loaded: 0)
System memory in use before: 69.7 MB.
System memory in use after: 69.8 MB.

Unloading 11 unused Assets to reduce memory usage. Loaded Objects now: 1908.
Total: 3.733000 ms (FindLiveObjects: 0.472500 ms CreateObjectMapping: 0.166500 ms MarkObjects: 3.060900 ms  DeleteObjects: 0.029800 ms)

AssetImportParameters requested are different than current active one (requested -> active):
  custom:framework-win-MediaFoundation: 216162199b28c13a410421893ffa2e32 -> 
  custom:video-decoder-ogg-theora: a1e56fd34408186e4bbccfd4996cb3dc -> 
  custom:container-muxer-webm: aa71ff27fc2769a1b78a27578f13a17b -> 
  custom:container-demuxer-webm: 4f35f7cbe854078d1ac9338744f61a02 -> 
  custom:container-demuxer-ogg: 62fdf1f143b41e24485cea50d1cbac27 -> 
  custom:video-encoder-webm-vp8: eb34c28f22e8b96e1ab97ce403110664 -> 
  custom:video-decoder-webm-vp8: 9c59270c3fd7afecdb556c50c9e8de78 -> 
  custom:audio-decoder-ogg-vorbis: bf7c407c2cedff20999df2af8eb42d56 -> 
  custom:audio-encoder-webm-vorbis: bf7c407c2cedff20999df2af8eb42d56 -> 
========================================================================
Received Prepare
Cannot set VR devices because the platform passed isn't supported by Unity.
Cannot set VR devices because the platform passed isn't supported by Unity.
Cannot set VR devices because the platform passed isn't supported by Unity.
Cannot set VR devices because the platform passed isn't supported by Unity.
Cannot set VR devices because the platform passed isn't supported by Unity.
Cannot set VR devices because the platform passed isn't supported by Unity.
Cannot set VR devices because the platform passed isn't supported by Unity.
Cannot set VR devices because the platform passed isn't supported by Unity.
Cannot set VR devices because the platform passed isn't supported by Unity.
Cannot set VR devices because the platform passed isn't supported by Unity.
Cannot set VR devices because the platform passed isn't supported by Unity.
Registering precompiled user dll's ...
Registered in 0.003654 seconds.
Begin MonoManager ReloadAssembly
Native extension for WindowsStandalone target not found
Refreshing native plugins compatible for Editor in 0.34 ms, found 2 plugins.
Preloading 0 native plugins for Editor in 0.00 ms.
Mono: successfully reloaded assembly
- Completed reload, in  1.165 seconds
Domain Reload Profiling:
	ReloadAssembly (1166ms)
		BeginReloadAssembly (129ms)
			ExecutionOrderSort (0ms)
			DisableScriptedObjects (6ms)
			BackupInstance (0ms)
			ReleaseScriptingObjects (0ms)
			CreateAndSetChildDomain (40ms)
		EndReloadAssembly (955ms)
			LoadAssemblies (121ms)
			RebuildTransferFunctionScriptingTraits (0ms)
			SetupTypeCache (328ms)
			ReleaseScriptCaches (1ms)
			RebuildScriptCaches (42ms)
			SetupLoadedEditorAssemblies (342ms)
				LogAssemblyErrors (0ms)
				InitializePlatformSupportModulesInManaged (6ms)
				SetLoadedEditorAssemblies (1ms)
				RefreshPlugins (0ms)
				BeforeProcessingInitializeOnLoad (87ms)
				ProcessInitializeOnLoadAttributes (233ms)
				ProcessInitializeOnLoadMethodAttributes (4ms)
				AfterProcessingInitializeOnLoad (10ms)
				EditorAssembliesLoaded (0ms)
			ExecutionOrderSort2 (0ms)
			AwakeInstancesAfterBackupRestoration (7ms)
Platform modules already initialized, skipping
Refreshing native plugins compatible for Editor in 0.50 ms, found 2 plugins.
Preloading 0 native plugins for Editor in 0.00 ms.
Unloading 1426 Unused Serialized files (Serialized files now loaded: 0)
System memory in use before: 69.7 MB.
System memory in use after: 69.8 MB.

Unloading 11 unused Assets to reduce memory usage. Loaded Objects now: 1910.
Total: 3.100000 ms (FindLiveObjects: 0.225400 ms CreateObjectMapping: 0.096500 ms MarkObjects: 2.751900 ms  DeleteObjects: 0.024800 ms)

AssetImportParameters requested are different than current active one (requested -> active):
  custom:framework-win-MediaFoundation: 216162199b28c13a410421893ffa2e32 -> 
  custom:video-decoder-ogg-theora: a1e56fd34408186e4bbccfd4996cb3dc -> 
  custom:container-muxer-webm: aa71ff27fc2769a1b78a27578f13a17b -> 
  custom:container-demuxer-webm: 4f35f7cbe854078d1ac9338744f61a02 -> 
  custom:container-demuxer-ogg: 62fdf1f143b41e24485cea50d1cbac27 -> 
  custom:video-encoder-webm-vp8: eb34c28f22e8b96e1ab97ce403110664 -> 
  custom:video-decoder-webm-vp8: 9c59270c3fd7afecdb556c50c9e8de78 -> 
  custom:audio-decoder-ogg-vorbis: bf7c407c2cedff20999df2af8eb42d56 -> 
  custom:audio-encoder-webm-vorbis: bf7c407c2cedff20999df2af8eb42d56 -> 
========================================================================
Received Import Request.
  Time since last request: 1148.473216 seconds.
  path: Assets/Prefabs/Enemy/Enemy Buildings/Turrets/EnemyStandardTurret.prefab
  artifactKey: Guid(64f2ae8c83ee6bb49a47a2d3f43d307e) Importer(815301076,1909f56bfc062723c751e8b465ee728b)
Start importing Assets/Prefabs/Enemy/Enemy Buildings/Turrets/EnemyStandardTurret.prefab using Guid(64f2ae8c83ee6bb49a47a2d3f43d307e) Importer(815301076,1909f56bfc062723c751e8b465ee728b)  -> (artifact id: 'a9b8fedfb752f7f54bb6773c30b95a84') in 0.081378 seconds 
  Import took 0.104344 seconds .

========================================================================
Received Prepare
Cannot set VR devices because the platform passed isn't supported by Unity.
Cannot set VR devices because the platform passed isn't supported by Unity.
Cannot set VR devices because the platform passed isn't supported by Unity.
Cannot set VR devices because the platform passed isn't supported by Unity.
Cannot set VR devices because the platform passed isn't supported by Unity.
Cannot set VR devices because the platform passed isn't supported by Unity.
Cannot set VR devices because the platform passed isn't supported by Unity.
Cannot set VR devices because the platform passed isn't supported by Unity.
Cannot set VR devices because the platform passed isn't supported by Unity.
Cannot set VR devices because the platform passed isn't supported by Unity.
Cannot set VR devices because the platform passed isn't supported by Unity.
Registering precompiled user dll's ...
Registered in 0.003217 seconds.
Begin MonoManager ReloadAssembly
Native extension for WindowsStandalone target not found
Refreshing native plugins compatible for Editor in 0.63 ms, found 2 plugins.
Preloading 0 native plugins for Editor in 0.00 ms.
Mono: successfully reloaded assembly
- Completed reload, in  1.181 seconds
Domain Reload Profiling:
	ReloadAssembly (1182ms)
		BeginReloadAssembly (134ms)
			ExecutionOrderSort (0ms)
			DisableScriptedObjects (8ms)
			BackupInstance (0ms)
			ReleaseScriptingObjects (0ms)
			CreateAndSetChildDomain (40ms)
		EndReloadAssembly (967ms)
			LoadAssemblies (114ms)
			RebuildTransferFunctionScriptingTraits (0ms)
			SetupTypeCache (344ms)
			ReleaseScriptCaches (1ms)
			RebuildScriptCaches (46ms)
			SetupLoadedEditorAssemblies (347ms)
				LogAssemblyErrors (0ms)
				InitializePlatformSupportModulesInManaged (6ms)
				SetLoadedEditorAssemblies (1ms)
				RefreshPlugins (1ms)
				BeforeProcessingInitializeOnLoad (91ms)
				ProcessInitializeOnLoadAttributes (233ms)
				ProcessInitializeOnLoadMethodAttributes (5ms)
				AfterProcessingInitializeOnLoad (11ms)
				EditorAssembliesLoaded (0ms)
			ExecutionOrderSort2 (0ms)
			AwakeInstancesAfterBackupRestoration (8ms)
Platform modules already initialized, skipping
Refreshing native plugins compatible for Editor in 0.40 ms, found 2 plugins.
Preloading 0 native plugins for Editor in 0.00 ms.
Unloading 1426 Unused Serialized files (Serialized files now loaded: 0)
System memory in use before: 69.7 MB.
System memory in use after: 69.8 MB.

Unloading 11 unused Assets to reduce memory usage. Loaded Objects now: 1913.
Total: 3.559000 ms (FindLiveObjects: 0.151300 ms CreateObjectMapping: 0.071000 ms MarkObjects: 3.308500 ms  DeleteObjects: 0.026900 ms)

AssetImportParameters requested are different than current active one (requested -> active):
  custom:framework-win-MediaFoundation: 216162199b28c13a410421893ffa2e32 -> 
  custom:video-decoder-ogg-theora: a1e56fd34408186e4bbccfd4996cb3dc -> 
  custom:container-muxer-webm: aa71ff27fc2769a1b78a27578f13a17b -> 
  custom:container-demuxer-webm: 4f35f7cbe854078d1ac9338744f61a02 -> 
  custom:container-demuxer-ogg: 62fdf1f143b41e24485cea50d1cbac27 -> 
  custom:video-encoder-webm-vp8: eb34c28f22e8b96e1ab97ce403110664 -> 
  custom:video-decoder-webm-vp8: 9c59270c3fd7afecdb556c50c9e8de78 -> 
  custom:audio-decoder-ogg-vorbis: bf7c407c2cedff20999df2af8eb42d56 -> 
  custom:audio-encoder-webm-vorbis: bf7c407c2cedff20999df2af8eb42d56 -> 
========================================================================
Received Prepare
Cannot set VR devices because the platform passed isn't supported by Unity.
Cannot set VR devices because the platform passed isn't supported by Unity.
Cannot set VR devices because the platform passed isn't supported by Unity.
Cannot set VR devices because the platform passed isn't supported by Unity.
Cannot set VR devices because the platform passed isn't supported by Unity.
Cannot set VR devices because the platform passed isn't supported by Unity.
Cannot set VR devices because the platform passed isn't supported by Unity.
Cannot set VR devices because the platform passed isn't supported by Unity.
Cannot set VR devices because the platform passed isn't supported by Unity.
Cannot set VR devices because the platform passed isn't supported by Unity.
Cannot set VR devices because the platform passed isn't supported by Unity.
Registering precompiled user dll's ...
Registered in 0.003202 seconds.
Begin MonoManager ReloadAssembly
Native extension for WindowsStandalone target not found
Refreshing native plugins compatible for Editor in 0.60 ms, found 2 plugins.
Preloading 0 native plugins for Editor in 0.00 ms.
Mono: successfully reloaded assembly
- Completed reload, in  1.216 seconds
Domain Reload Profiling:
	ReloadAssembly (1217ms)
		BeginReloadAssembly (143ms)
			ExecutionOrderSort (0ms)
			DisableScriptedObjects (7ms)
			BackupInstance (0ms)
			ReleaseScriptingObjects (0ms)
			CreateAndSetChildDomain (42ms)
		EndReloadAssembly (988ms)
			LoadAssemblies (126ms)
			RebuildTransferFunctionScriptingTraits (0ms)
			SetupTypeCache (333ms)
			ReleaseScriptCaches (1ms)
			RebuildScriptCaches (48ms)
			SetupLoadedEditorAssemblies (367ms)
				LogAssemblyErrors (0ms)
				InitializePlatformSupportModulesInManaged (6ms)
				SetLoadedEditorAssemblies (1ms)
				RefreshPlugins (1ms)
				BeforeProcessingInitializeOnLoad (94ms)
				ProcessInitializeOnLoadAttributes (249ms)
				ProcessInitializeOnLoadMethodAttributes (5ms)
				AfterProcessingInitializeOnLoad (11ms)
				EditorAssembliesLoaded (0ms)
			ExecutionOrderSort2 (0ms)
			AwakeInstancesAfterBackupRestoration (8ms)
Platform modules already initialized, skipping
Refreshing native plugins compatible for Editor in 0.50 ms, found 2 plugins.
Preloading 0 native plugins for Editor in 0.00 ms.
Unloading 1426 Unused Serialized files (Serialized files now loaded: 0)
System memory in use before: 69.7 MB.
System memory in use after: 69.8 MB.

Unloading 11 unused Assets to reduce memory usage. Loaded Objects now: 1915.
Total: 3.207000 ms (FindLiveObjects: 0.246300 ms CreateObjectMapping: 0.065600 ms MarkObjects: 2.877100 ms  DeleteObjects: 0.016200 ms)

AssetImportParameters requested are different than current active one (requested -> active):
  custom:framework-win-MediaFoundation: 216162199b28c13a410421893ffa2e32 -> 
  custom:video-decoder-ogg-theora: a1e56fd34408186e4bbccfd4996cb3dc -> 
  custom:container-muxer-webm: aa71ff27fc2769a1b78a27578f13a17b -> 
  custom:container-demuxer-webm: 4f35f7cbe854078d1ac9338744f61a02 -> 
  custom:container-demuxer-ogg: 62fdf1f143b41e24485cea50d1cbac27 -> 
  custom:video-encoder-webm-vp8: eb34c28f22e8b96e1ab97ce403110664 -> 
  custom:video-decoder-webm-vp8: 9c59270c3fd7afecdb556c50c9e8de78 -> 
  custom:audio-decoder-ogg-vorbis: bf7c407c2cedff20999df2af8eb42d56 -> 
  custom:audio-encoder-webm-vorbis: bf7c407c2cedff20999df2af8eb42d56 -> 
========================================================================
Received Import Request.
  Time since last request: 1355.836105 seconds.
  path: Assets/Prefabs/Player/Player Units/Fast/Friendly_Fast.prefab
  artifactKey: Guid(7f336335fee59cf43a88fa4ffbc6cbe3) Importer(815301076,1909f56bfc062723c751e8b465ee728b)
Start importing Assets/Prefabs/Player/Player Units/Fast/Friendly_Fast.prefab using Guid(7f336335fee59cf43a88fa4ffbc6cbe3) Importer(815301076,1909f56bfc062723c751e8b465ee728b)  -> (artifact id: '6735fc831d808afe224bc6ff240833b6') in 0.111532 seconds 
  Import took 0.135874 seconds .

========================================================================
Received Prepare
Cannot set VR devices because the platform passed isn't supported by Unity.
Cannot set VR devices because the platform passed isn't supported by Unity.
Cannot set VR devices because the platform passed isn't supported by Unity.
Cannot set VR devices because the platform passed isn't supported by Unity.
Cannot set VR devices because the platform passed isn't supported by Unity.
Cannot set VR devices because the platform passed isn't supported by Unity.
Cannot set VR devices because the platform passed isn't supported by Unity.
Cannot set VR devices because the platform passed isn't supported by Unity.
Cannot set VR devices because the platform passed isn't supported by Unity.
Cannot set VR devices because the platform passed isn't supported by Unity.
Cannot set VR devices because the platform passed isn't supported by Unity.
Registering precompiled user dll's ...
Registered in 0.003271 seconds.
Begin MonoManager ReloadAssembly
Native extension for WindowsStandalone target not found
Refreshing native plugins compatible for Editor in 0.37 ms, found 2 plugins.
Preloading 0 native plugins for Editor in 0.00 ms.
Mono: successfully reloaded assembly
- Completed reload, in  1.294 seconds
Domain Reload Profiling:
	ReloadAssembly (1294ms)
		BeginReloadAssembly (153ms)
			ExecutionOrderSort (0ms)
			DisableScriptedObjects (5ms)
			BackupInstance (0ms)
			ReleaseScriptingObjects (0ms)
			CreateAndSetChildDomain (50ms)
		EndReloadAssembly (1054ms)
			LoadAssemblies (124ms)
			RebuildTransferFunctionScriptingTraits (0ms)
			SetupTypeCache (351ms)
			ReleaseScriptCaches (1ms)
			RebuildScriptCaches (56ms)
			SetupLoadedEditorAssemblies (407ms)
				LogAssemblyErrors (0ms)
				InitializePlatformSupportModulesInManaged (6ms)
				SetLoadedEditorAssemblies (1ms)
				RefreshPlugins (0ms)
				BeforeProcessingInitializeOnLoad (106ms)
				ProcessInitializeOnLoadAttributes (275ms)
				ProcessInitializeOnLoadMethodAttributes (6ms)
				AfterProcessingInitializeOnLoad (12ms)
				EditorAssembliesLoaded (0ms)
			ExecutionOrderSort2 (0ms)
			AwakeInstancesAfterBackupRestoration (12ms)
Platform modules already initialized, skipping
Refreshing native plugins compatible for Editor in 0.39 ms, found 2 plugins.
Preloading 0 native plugins for Editor in 0.00 ms.
Unloading 1426 Unused Serialized files (Serialized files now loaded: 0)
System memory in use before: 69.7 MB.
System memory in use after: 69.8 MB.

Unloading 11 unused Assets to reduce memory usage. Loaded Objects now: 1918.
Total: 3.602200 ms (FindLiveObjects: 0.187300 ms CreateObjectMapping: 0.095800 ms MarkObjects: 3.286300 ms  DeleteObjects: 0.031300 ms)

AssetImportParameters requested are different than current active one (requested -> active):
  custom:framework-win-MediaFoundation: 216162199b28c13a410421893ffa2e32 -> 
  custom:video-decoder-ogg-theora: a1e56fd34408186e4bbccfd4996cb3dc -> 
  custom:container-muxer-webm: aa71ff27fc2769a1b78a27578f13a17b -> 
  custom:container-demuxer-webm: 4f35f7cbe854078d1ac9338744f61a02 -> 
  custom:container-demuxer-ogg: 62fdf1f143b41e24485cea50d1cbac27 -> 
  custom:video-encoder-webm-vp8: eb34c28f22e8b96e1ab97ce403110664 -> 
  custom:video-decoder-webm-vp8: 9c59270c3fd7afecdb556c50c9e8de78 -> 
  custom:audio-decoder-ogg-vorbis: bf7c407c2cedff20999df2af8eb42d56 -> 
  custom:audio-encoder-webm-vorbis: bf7c407c2cedff20999df2af8eb42d56 -> 
========================================================================
Received Prepare
Cannot set VR devices because the platform passed isn't supported by Unity.
Cannot set VR devices because the platform passed isn't supported by Unity.
Cannot set VR devices because the platform passed isn't supported by Unity.
Cannot set VR devices because the platform passed isn't supported by Unity.
Cannot set VR devices because the platform passed isn't supported by Unity.
Cannot set VR devices because the platform passed isn't supported by Unity.
Cannot set VR devices because the platform passed isn't supported by Unity.
Cannot set VR devices because the platform passed isn't supported by Unity.
Cannot set VR devices because the platform passed isn't supported by Unity.
Cannot set VR devices because the platform passed isn't supported by Unity.
Cannot set VR devices because the platform passed isn't supported by Unity.
Registering precompiled user dll's ...
Registered in 0.003594 seconds.
Begin MonoManager ReloadAssembly
Native extension for WindowsStandalone target not found
Refreshing native plugins compatible for Editor in 0.54 ms, found 2 plugins.
Preloading 0 native plugins for Editor in 0.00 ms.
Mono: successfully reloaded assembly
- Completed reload, in  1.109 seconds
Domain Reload Profiling:
	ReloadAssembly (1109ms)
		BeginReloadAssembly (124ms)
			ExecutionOrderSort (0ms)
			DisableScriptedObjects (6ms)
			BackupInstance (0ms)
			ReleaseScriptingObjects (0ms)
			CreateAndSetChildDomain (40ms)
		EndReloadAssembly (907ms)
			LoadAssemblies (114ms)
			RebuildTransferFunctionScriptingTraits (0ms)
			SetupTypeCache (306ms)
			ReleaseScriptCaches (1ms)
			RebuildScriptCaches (43ms)
			SetupLoadedEditorAssemblies (334ms)
				LogAssemblyErrors (0ms)
				InitializePlatformSupportModulesInManaged (6ms)
				SetLoadedEditorAssemblies (1ms)
				RefreshPlugins (1ms)
				BeforeProcessingInitializeOnLoad (86ms)
				ProcessInitializeOnLoadAttributes (226ms)
				ProcessInitializeOnLoadMethodAttributes (5ms)
				AfterProcessingInitializeOnLoad (10ms)
				EditorAssembliesLoaded (0ms)
			ExecutionOrderSort2 (0ms)
			AwakeInstancesAfterBackupRestoration (9ms)
Platform modules already initialized, skipping
Refreshing native plugins compatible for Editor in 0.53 ms, found 2 plugins.
Preloading 0 native plugins for Editor in 0.00 ms.
Unloading 1426 Unused Serialized files (Serialized files now loaded: 0)
System memory in use before: 69.7 MB.
System memory in use after: 69.8 MB.

Unloading 11 unused Assets to reduce memory usage. Loaded Objects now: 1920.
Total: 3.579200 ms (FindLiveObjects: 0.251200 ms CreateObjectMapping: 0.121000 ms MarkObjects: 3.165700 ms  DeleteObjects: 0.039800 ms)

AssetImportParameters requested are different than current active one (requested -> active):
  custom:framework-win-MediaFoundation: 216162199b28c13a410421893ffa2e32 -> 
  custom:video-decoder-ogg-theora: a1e56fd34408186e4bbccfd4996cb3dc -> 
  custom:container-muxer-webm: aa71ff27fc2769a1b78a27578f13a17b -> 
  custom:container-demuxer-webm: 4f35f7cbe854078d1ac9338744f61a02 -> 
  custom:container-demuxer-ogg: 62fdf1f143b41e24485cea50d1cbac27 -> 
  custom:video-encoder-webm-vp8: eb34c28f22e8b96e1ab97ce403110664 -> 
  custom:video-decoder-webm-vp8: 9c59270c3fd7afecdb556c50c9e8de78 -> 
  custom:audio-decoder-ogg-vorbis: bf7c407c2cedff20999df2af8eb42d56 -> 
  custom:audio-encoder-webm-vorbis: bf7c407c2cedff20999df2af8eb42d56 -> 
========================================================================
Received Prepare
Cannot set VR devices because the platform passed isn't supported by Unity.
Cannot set VR devices because the platform passed isn't supported by Unity.
Cannot set VR devices because the platform passed isn't supported by Unity.
Cannot set VR devices because the platform passed isn't supported by Unity.
Cannot set VR devices because the platform passed isn't supported by Unity.
Cannot set VR devices because the platform passed isn't supported by Unity.
Cannot set VR devices because the platform passed isn't supported by Unity.
Cannot set VR devices because the platform passed isn't supported by Unity.
Cannot set VR devices because the platform passed isn't supported by Unity.
Cannot set VR devices because the platform passed isn't supported by Unity.
Cannot set VR devices because the platform passed isn't supported by Unity.
Registering precompiled user dll's ...
Registered in 0.003277 seconds.
Begin MonoManager ReloadAssembly
Native extension for WindowsStandalone target not found
Refreshing native plugins compatible for Editor in 0.36 ms, found 2 plugins.
Preloading 0 native plugins for Editor in 0.00 ms.
Mono: successfully reloaded assembly
- Completed reload, in  1.105 seconds
Domain Reload Profiling:
	ReloadAssembly (1105ms)
		BeginReloadAssembly (117ms)
			ExecutionOrderSort (0ms)
			DisableScriptedObjects (5ms)
			BackupInstance (0ms)
			ReleaseScriptingObjects (0ms)
			CreateAndSetChildDomain (34ms)
		EndReloadAssembly (915ms)
			LoadAssemblies (103ms)
			RebuildTransferFunctionScriptingTraits (0ms)
			SetupTypeCache (335ms)
			ReleaseScriptCaches (1ms)
			RebuildScriptCaches (48ms)
			SetupLoadedEditorAssemblies (319ms)
				LogAssemblyErrors (0ms)
				InitializePlatformSupportModulesInManaged (6ms)
				SetLoadedEditorAssemblies (1ms)
				RefreshPlugins (0ms)
				BeforeProcessingInitializeOnLoad (76ms)
				ProcessInitializeOnLoadAttributes (222ms)
				ProcessInitializeOnLoadMethodAttributes (4ms)
				AfterProcessingInitializeOnLoad (10ms)
				EditorAssembliesLoaded (0ms)
			ExecutionOrderSort2 (0ms)
			AwakeInstancesAfterBackupRestoration (7ms)
Platform modules already initialized, skipping
Refreshing native plugins compatible for Editor in 0.50 ms, found 2 plugins.
Preloading 0 native plugins for Editor in 0.00 ms.
Unloading 1426 Unused Serialized files (Serialized files now loaded: 0)
System memory in use before: 69.7 MB.
System memory in use after: 69.8 MB.

Unloading 11 unused Assets to reduce memory usage. Loaded Objects now: 1922.
Total: 4.704700 ms (FindLiveObjects: 0.411400 ms CreateObjectMapping: 0.294500 ms MarkObjects: 3.977500 ms  DeleteObjects: 0.019500 ms)

AssetImportParameters requested are different than current active one (requested -> active):
  custom:framework-win-MediaFoundation: 216162199b28c13a410421893ffa2e32 -> 
  custom:video-decoder-ogg-theora: a1e56fd34408186e4bbccfd4996cb3dc -> 
  custom:container-muxer-webm: aa71ff27fc2769a1b78a27578f13a17b -> 
  custom:container-demuxer-webm: 4f35f7cbe854078d1ac9338744f61a02 -> 
  custom:container-demuxer-ogg: 62fdf1f143b41e24485cea50d1cbac27 -> 
  custom:video-encoder-webm-vp8: eb34c28f22e8b96e1ab97ce403110664 -> 
  custom:video-decoder-webm-vp8: 9c59270c3fd7afecdb556c50c9e8de78 -> 
  custom:audio-decoder-ogg-vorbis: bf7c407c2cedff20999df2af8eb42d56 -> 
  custom:audio-encoder-webm-vorbis: bf7c407c2cedff20999df2af8eb42d56 -> 
========================================================================
Received Prepare
Cannot set VR devices because the platform passed isn't supported by Unity.
Cannot set VR devices because the platform passed isn't supported by Unity.
Cannot set VR devices because the platform passed isn't supported by Unity.
Cannot set VR devices because the platform passed isn't supported by Unity.
Cannot set VR devices because the platform passed isn't supported by Unity.
Cannot set VR devices because the platform passed isn't supported by Unity.
Cannot set VR devices because the platform passed isn't supported by Unity.
Cannot set VR devices because the platform passed isn't supported by Unity.
Cannot set VR devices because the platform passed isn't supported by Unity.
Cannot set VR devices because the platform passed isn't supported by Unity.
Cannot set VR devices because the platform passed isn't supported by Unity.
Registering precompiled user dll's ...
Registered in 0.595260 seconds.
Begin MonoManager ReloadAssembly
Native extension for WindowsStandalone target not found
Refreshing native plugins compatible for Editor in 0.61 ms, found 2 plugins.
Preloading 0 native plugins for Editor in 0.00 ms.
Mono: successfully reloaded assembly
- Completed reload, in  6.396 seconds
Domain Reload Profiling:
	ReloadAssembly (6397ms)
		BeginReloadAssembly (2513ms)
			ExecutionOrderSort (0ms)
			DisableScriptedObjects (5ms)
			BackupInstance (0ms)
			ReleaseScriptingObjects (0ms)
			CreateAndSetChildDomain (31ms)
		EndReloadAssembly (3784ms)
			LoadAssemblies (4234ms)
			RebuildTransferFunctionScriptingTraits (0ms)
			SetupTypeCache (1097ms)
			ReleaseScriptCaches (1ms)
			RebuildScriptCaches (57ms)
			SetupLoadedEditorAssemblies (647ms)
				LogAssemblyErrors (0ms)
				InitializePlatformSupportModulesInManaged (9ms)
				SetLoadedEditorAssemblies (1ms)
				RefreshPlugins (1ms)
				BeforeProcessingInitializeOnLoad (113ms)
				ProcessInitializeOnLoadAttributes (506ms)
				ProcessInitializeOnLoadMethodAttributes (5ms)
				AfterProcessingInitializeOnLoad (12ms)
				EditorAssembliesLoaded (0ms)
			ExecutionOrderSort2 (0ms)
			AwakeInstancesAfterBackupRestoration (9ms)
Platform modules already initialized, skipping
Refreshing native plugins compatible for Editor in 0.44 ms, found 2 plugins.
Preloading 0 native plugins for Editor in 0.00 ms.
Unloading 1426 Unused Serialized files (Serialized files now loaded: 0)
System memory in use before: 69.7 MB.
System memory in use after: 69.8 MB.

Unloading 11 unused Assets to reduce memory usage. Loaded Objects now: 1924.
Total: 3.260300 ms (FindLiveObjects: 0.259300 ms CreateObjectMapping: 0.106900 ms MarkObjects: 2.868700 ms  DeleteObjects: 0.022700 ms)

AssetImportParameters requested are different than current active one (requested -> active):
  custom:framework-win-MediaFoundation: 216162199b28c13a410421893ffa2e32 -> 
  custom:video-decoder-ogg-theora: a1e56fd34408186e4bbccfd4996cb3dc -> 
  custom:container-muxer-webm: aa71ff27fc2769a1b78a27578f13a17b -> 
  custom:container-demuxer-webm: 4f35f7cbe854078d1ac9338744f61a02 -> 
  custom:container-demuxer-ogg: 62fdf1f143b41e24485cea50d1cbac27 -> 
  custom:video-encoder-webm-vp8: eb34c28f22e8b96e1ab97ce403110664 -> 
  custom:video-decoder-webm-vp8: 9c59270c3fd7afecdb556c50c9e8de78 -> 
  custom:audio-decoder-ogg-vorbis: bf7c407c2cedff20999df2af8eb42d56 -> 
  custom:audio-encoder-webm-vorbis: bf7c407c2cedff20999df2af8eb42d56 -> 
AssetImportWorkerClient::OnTransportError - code=2 error=End of file
